<?xml version="1.0" encoding="UTF-8"?>
<!-- Generated by org.testng.reporters.JUnitReportReporter -->
<testsuite hostname="LAPTOP-IRINQBA3" failures="0" tests="1" name="testNGStudy.Parallel2" time="19.958" errors="0" timestamp="2023-01-12T23:59:27 IST" skipped="0">
  <testcase classname="testNGStudy.Parallel2" name="facebookLauch" time="19.958"/>
  <system-out>
    <![CDATA[facebook Launched]]>
  </system-out>
</testsuite> <!-- testNGStudy.Parallel2 -->
