<?xml version="1.0" encoding="UTF-8"?>
<!-- Generated by org.testng.reporters.JUnitReportReporter -->
<testsuite hostname="LAPTOP-IRINQBA3" failures="0" tests="1" name="testNGStudy.Eample1TestNG" time="2.842" errors="0" timestamp="2023-01-01T11:09:24 IST" skipped="0">
  <testcase classname="testNGStudy.Eample1TestNG" name="fbLogin" time="2.842"/>
  <system-out/>
</testsuite> <!-- testNGStudy.Eample1TestNG -->
