<?xml version="1.0" encoding="UTF-8"?>
<!-- Generated by org.testng.reporters.JUnitReportReporter -->
<testsuite hostname="LAPTOP-IRINQBA3" failures="0" tests="2" name="testNGAnnotations.BeforeClassUse" time="0.006" errors="0" timestamp="2023-01-02T17:33:20 IST" skipped="0">
  <testcase classname="testNGAnnotations.BeforeClassUse" name="TC1" time="0.004"/>
  <system-out>
    <![CDATA[TC1 is running]]>
  </system-out>
  <testcase classname="testNGAnnotations.BeforeClassUse" name="TC2" time="0.002"/>
  <system-out>
    <![CDATA[TC2 is running]]>
  </system-out>
</testsuite> <!-- testNGAnnotations.BeforeClassUse -->
