<?xml version="1.0" encoding="UTF-8"?>
<!-- Generated by org.testng.reporters.JUnitReportReporter -->
<testsuite hostname="LAPTOP-IRINQBA3" failures="0" tests="3" name="testNGStudy.KeyWordEnabled" time="0.008" errors="0" timestamp="2023-01-07T20:27:10 IST" skipped="1">
  <testcase classname="testNGStudy.KeyWordEnabled" name="TC3" time="0.001"/>
  <system-out>
    <![CDATA[Running TC3]]>
  </system-out>
  <testcase classname="testNGStudy.KeyWordEnabled" name="TC1" time="0.007"/>
  <system-out>
    <![CDATA[Running TC1]]>
  </system-out>
  <testcase classname="testNGStudy.KeyWordEnabled" name="TC2">
    <skipped/>
  </testcase> <!-- TC2 -->
  <system-out/>
</testsuite> <!-- testNGStudy.KeyWordEnabled -->
