<?xml version="1.0" encoding="UTF-8"?>
<!-- Generated by org.testng.reporters.JUnitReportReporter -->
<testsuite hostname="LAPTOP-IRINQBA3" failures="0" tests="2" name="testNGAnnotations.Testing" time="0.011" errors="0" timestamp="2023-01-02T18:02:48 IST" skipped="0">
  <testcase classname="testNGAnnotations.Testing" name="TC1" time="0.006"/>
  <system-out>
    <![CDATA[TC1 is running]]>
  </system-out>
  <testcase classname="testNGAnnotations.Testing" name="TC2" time="0.005"/>
  <system-out>
    <![CDATA[TC2 is running]]>
  </system-out>
</testsuite> <!-- testNGAnnotations.Testing -->
