<?xml version="1.0" encoding="UTF-8"?>
<!-- Generated by org.testng.reporters.JUnitReportReporter -->
<testsuite hostname="LAPTOP-IRINQBA3" failures="0" tests="2" name="testNGAnnotations.MyTesting" time="0.007" errors="0" timestamp="2023-01-02T17:18:53 IST" skipped="0">
  <testcase classname="testNGAnnotations.MyTesting" name="ValidateACBalance" time="0.006"/>
  <system-out>
    <![CDATA[ValidateACBalance]]>
  </system-out>
  <testcase classname="testNGAnnotations.MyTesting" name="ValidateUserID" time="0.001"/>
  <system-out>
    <![CDATA[ValidateUserID]]>
  </system-out>
</testsuite> <!-- testNGAnnotations.MyTesting -->
