<?xml version="1.0" encoding="UTF-8"?>
<!-- Generated by org.testng.reporters.JUnitReportReporter -->
<testsuite hostname="LAPTOP-IRINQBA3" failures="0" tests="1" name="testNGStudy.TestNGexample1" time="4.610" errors="0" timestamp="2023-01-07T20:02:51 IST" skipped="0">
  <testcase classname="testNGStudy.TestNGexample1" name="fbLogin" time="4.610"/>
  <system-out/>
</testsuite> <!-- testNGStudy.TestNGexample1 -->
