<?xml version="1.0" encoding="UTF-8"?>
<!-- Generated by org.testng.reporters.JUnitReportReporter -->
<testsuite hostname="LAPTOP-IRINQBA3" failures="0" tests="1" name="varificationUsingTestNG.AssertNotEqual" time="0.007" errors="0" timestamp="2023-01-03T20:39:34 IST" skipped="0">
  <testcase classname="varificationUsingTestNG.AssertNotEqual" name="NotEqual" time="0.007"/>
  <system-out/>
</testsuite> <!-- varificationUsingTestNG.AssertNotEqual -->
