<?xml version="1.0" encoding="UTF-8"?>
<!-- Generated by org.testng.reporters.JUnitReportReporter -->
<testsuite hostname="LAPTOP-IRINQBA3" failures="0" tests="1" name="testNGStudy.Simple2" time="0.006" errors="0" timestamp="2023-01-01T11:19:33 IST" skipped="0">
  <testcase classname="testNGStudy.Simple2" name="Display1" time="0.006"/>
  <system-out>
    <![CDATA[Hi Good Morning]]>
  </system-out>
</testsuite> <!-- testNGStudy.Simple2 -->
