<?xml version="1.0" encoding="UTF-8"?>
<!-- Generated by org.testng.reporters.JUnitReportReporter -->
<testsuite hostname="LAPTOP-IRINQBA3" failures="0" tests="1" name="testNGAnnotations.NeoStockUserIDValidation" time="0.005" errors="0" timestamp="2023-01-02T17:46:32 IST" skipped="0">
  <testcase classname="testNGAnnotations.NeoStockUserIDValidation" name="ValidateUserName" time="0.005"/>
  <system-out>
    <![CDATA[UserName Validated]]>
  </system-out>
</testsuite> <!-- testNGAnnotations.NeoStockUserIDValidation -->
