<?xml version="1.0" encoding="UTF-8"?>
<!-- Generated by org.testng.reporters.JUnitReportReporter -->
<testsuite hostname="LAPTOP-IRINQBA3" failures="0" tests="5" name="testNGStudy.GroupsEg2" time="0.006" errors="0" timestamp="2023-01-29T22:49:50 IST" skipped="0">
  <testcase classname="testNGStudy.GroupsEg2" name="TC10" time="0.001"/>
  <system-out>
    <![CDATA[TC10 Running]]>
  </system-out>
  <testcase classname="testNGStudy.GroupsEg2" name="TC6" time="0.001"/>
  <system-out>
    <![CDATA[TC6 regression Running]]>
  </system-out>
  <testcase classname="testNGStudy.GroupsEg2" name="TC9" time="0.002"/>
  <system-out>
    <![CDATA[TC9 sanity Running]]>
  </system-out>
  <testcase classname="testNGStudy.GroupsEg2" name="TC7" time="0.001"/>
  <system-out>
    <![CDATA[TC7 sanity Running]]>
  </system-out>
  <testcase classname="testNGStudy.GroupsEg2" name="TC8" time="0.001"/>
  <system-out>
    <![CDATA[TC8 regression Running]]>
  </system-out>
</testsuite> <!-- testNGStudy.GroupsEg2 -->
