<?xml version="1.0" encoding="UTF-8"?>
<!-- Generated by org.testng.reporters.JUnitReportReporter -->
<testsuite hostname="LAPTOP-IRINQBA3" failures="0" tests="5" name="testNGStudy.GroupsEg1" time="0.010" errors="0" timestamp="2023-01-29T22:49:50 IST" skipped="0">
  <testcase classname="testNGStudy.GroupsEg1" name="TC2" time="0.000"/>
  <system-out>
    <![CDATA[TC2 sanity Running]]>
  </system-out>
  <testcase classname="testNGStudy.GroupsEg1" name="TC4" time="0.001"/>
  <system-out>
    <![CDATA[TC4 sanity Running]]>
  </system-out>
  <testcase classname="testNGStudy.GroupsEg1" name="TC1" time="0.006"/>
  <system-out>
    <![CDATA[TC1 regression Running]]>
  </system-out>
  <testcase classname="testNGStudy.GroupsEg1" name="TC5" time="0.001"/>
  <system-out>
    <![CDATA[TC5 Running]]>
  </system-out>
  <testcase classname="testNGStudy.GroupsEg1" name="TC3" time="0.002"/>
  <system-out>
    <![CDATA[TC3 regression Running]]>
  </system-out>
</testsuite> <!-- testNGStudy.GroupsEg1 -->
