<?xml version="1.0" encoding="UTF-8"?>
<!-- Generated by org.testng.reporters.JUnitReportReporter -->
<testsuite hostname="LAPTOP-IRINQBA3" failures="0" tests="1" name="testNGStudy.TestNGTest1" time="0.007" errors="0" timestamp="2022-12-31T15:14:18 IST" skipped="0">
  <testcase classname="testNGStudy.TestNGTest1" name="a" time="0.007"/>
  <system-out>
    <![CDATA[a is running]]>
  </system-out>
</testsuite> <!-- testNGStudy.TestNGTest1 -->
