<?xml version="1.0" encoding="UTF-8"?>
<!-- Generated by org.testng.reporters.JUnitReportReporter -->
<testsuite hostname="LAPTOP-IRINQBA3" failures="0" tests="1" name="testNGStudy.Parallel3" time="9.601" errors="0" timestamp="2023-01-12T23:59:27 IST" skipped="0">
  <testcase classname="testNGStudy.Parallel3" name="VCTCLaunch" time="9.601"/>
  <system-out>
    <![CDATA[VCTC Launched]]>
  </system-out>
</testsuite> <!-- testNGStudy.Parallel3 -->
