<?xml version="1.0" encoding="UTF-8"?>
<!-- Generated by org.testng.reporters.JUnitReportReporter -->
<testsuite hostname="LAPTOP-IRINQBA3" failures="0" tests="5" name="testNGKeyWords.InvocationCount" time="0.015" errors="0" timestamp="2023-01-02T18:09:39 IST" skipped="0">
  <testcase classname="testNGKeyWords.InvocationCount" name="myTest" time="0.011"/>
  <system-out>
    <![CDATA[myTest is running]]>
  </system-out>
  <testcase classname="testNGKeyWords.InvocationCount" name="myTest" time="0.001"/>
  <system-out>
    <![CDATA[myTest is running]]>
  </system-out>
  <testcase classname="testNGKeyWords.InvocationCount" name="myTest" time="0.001"/>
  <system-out>
    <![CDATA[myTest is running]]>
  </system-out>
  <testcase classname="testNGKeyWords.InvocationCount" name="myTest" time="0.001"/>
  <system-out>
    <![CDATA[myTest is running]]>
  </system-out>
  <testcase classname="testNGKeyWords.InvocationCount" name="myTest" time="0.001"/>
  <system-out>
    <![CDATA[myTest is running]]>
  </system-out>
</testsuite> <!-- testNGKeyWords.InvocationCount -->
