<?xml version="1.0" encoding="UTF-8"?>
<!-- Generated by org.testng.reporters.JUnitReportReporter -->
<testsuite hostname="LAPTOP-IRINQBA3" failures="0" tests="1" name="testNGStudy.Parallel1" time="20.094" errors="0" timestamp="2023-01-12T23:59:27 IST" skipped="0">
  <testcase classname="testNGStudy.Parallel1" name="KiteLogin" time="20.094"/>
  <system-out>
    <![CDATA[KiteLaunched]]>
  </system-out>
</testsuite> <!-- testNGStudy.Parallel1 -->
