<?xml version="1.0" encoding="UTF-8"?>
<!-- Generated by org.testng.reporters.JUnitReportReporter -->
<testsuite hostname="LAPTOP-IRINQBA3" failures="0" tests="1" name="varificationUsingTestNG.AssertEqualsStudy" time="0.008" errors="0" timestamp="2023-01-03T18:36:31 IST" skipped="0">
  <testcase classname="varificationUsingTestNG.AssertEqualsStudy" name="f" time="0.008"/>
  <system-out/>
</testsuite> <!-- varificationUsingTestNG.AssertEqualsStudy -->
