<?xml version="1.0" encoding="UTF-8"?>
<!-- Generated by org.testng.reporters.JUnitReportReporter -->
<testsuite hostname="LAPTOP-IRINQBA3" failures="0" tests="1" name="testNGStudy.Parrallel1" time="5.721" errors="0" timestamp="2023-01-07T23:27:43 IST" skipped="0">
  <testcase classname="testNGStudy.Parrallel1" name="KiteLogin" time="5.721"/>
  <system-out>
    <![CDATA[KiteLaunched]]>
  </system-out>
</testsuite> <!-- testNGStudy.Parrallel1 -->
