<?xml version="1.0" encoding="UTF-8"?>
<!-- Generated by org.testng.reporters.JUnitReportReporter -->
<testsuite hostname="LAPTOP-IRINQBA3" failures="0" tests="1" name="varificationUsingTestNG.RadioButtonValidation" time="21.551" errors="0" timestamp="2023-01-11T22:48:49 IST" skipped="0">
  <testcase classname="varificationUsingTestNG.RadioButtonValidation" name="validateRadioButtonStatus" time="21.551"/>
  <system-out>
    <![CDATA[Radio 1 is not selected TC is failed]]>
  </system-out>
</testsuite> <!-- varificationUsingTestNG.RadioButtonValidation -->
