<?xml version="1.0" encoding="UTF-8"?>
<!-- Generated by org.testng.reporters.JUnitReportReporter -->
<testsuite hostname="LAPTOP-IRINQBA3" failures="0" tests="5" name="testNGStudy.KeyWordInvocationCount" time="0.011" errors="0" timestamp="2023-01-07T20:12:43 IST" skipped="0">
  <testcase classname="testNGStudy.KeyWordInvocationCount" name="TC1" time="0.000"/>
  <system-out>
    <![CDATA[TC1 Running]]>
  </system-out>
  <testcase classname="testNGStudy.KeyWordInvocationCount" name="TC1" time="0.004"/>
  <system-out>
    <![CDATA[TC1 Running]]>
  </system-out>
  <testcase classname="testNGStudy.KeyWordInvocationCount" name="TC1" time="0.004"/>
  <system-out>
    <![CDATA[TC1 Running]]>
  </system-out>
  <testcase classname="testNGStudy.KeyWordInvocationCount" name="TC1" time="0.001"/>
  <system-out>
    <![CDATA[TC1 Running]]>
  </system-out>
  <testcase classname="testNGStudy.KeyWordInvocationCount" name="TC1" time="0.002"/>
  <system-out>
    <![CDATA[TC1 Running]]>
  </system-out>
</testsuite> <!-- testNGStudy.KeyWordInvocationCount -->
