<?xml version="1.0" encoding="UTF-8"?>
<!-- Generated by org.testng.reporters.JUnitReportReporter -->
<testsuite hostname="LAPTOP-IRINQBA3" failures="0" tests="3" name="testNGStudy.KeyWordPriority1" time="0.009" errors="0" timestamp="2023-01-07T20:22:28 IST" skipped="0">
  <testcase classname="testNGStudy.KeyWordPriority1" name="C" time="0.006"/>
  <system-out>
    <![CDATA[C is Running]]>
  </system-out>
  <testcase classname="testNGStudy.KeyWordPriority1" name="B" time="0.002"/>
  <system-out>
    <![CDATA[B is Running]]>
  </system-out>
  <testcase classname="testNGStudy.KeyWordPriority1" name="A" time="0.001"/>
  <system-out>
    <![CDATA[A is Running]]>
  </system-out>
</testsuite> <!-- testNGStudy.KeyWordPriority1 -->
